\BOOKMARK [1][-]{section.1}{\376\377\137\025\212\000}{}% 1
\BOOKMARK [1][-]{section.2}{\376\377\164\006\213\272\167\345\213\306}{}% 2
\BOOKMARK [2][-]{subsection.2.1}{\376\377\176\277\140\047\145\366\116\015\123\330\174\373\176\337\000\050\000L\000T\000I\000\051}{section.2}% 3
\BOOKMARK [3][-]{subsubsection.2.1.1}{\376\377\174\373\176\337}{subsection.2.1}% 4
\BOOKMARK [3][-]{subsubsection.2.1.2}{\376\377\176\277\140\047\174\373\176\337}{subsection.2.1}% 5
\BOOKMARK [3][-]{subsubsection.2.1.3}{\376\377\145\366\116\015\123\330\174\373\176\337}{subsection.2.1}% 6
\BOOKMARK [3][-]{subsubsection.2.1.4}{\376\377\176\277\140\047\145\366\116\015\123\330\174\373\176\337\377\010\000L\000T\000I\377\011}{subsection.2.1}% 7
\BOOKMARK [2][-]{subsection.2.2}{\376\377\137\256\122\006\145\271\172\013}{section.2}% 8
\BOOKMARK [2][-]{subsection.2.3}{\376\377\123\167\171\357}{section.2}% 9
\BOOKMARK [3][-]{subsubsection.2.3.1}{\376\377\127\372\147\054\117\341\123\367\123\312\121\166\124\315\136\224}{subsection.2.3}% 10
\BOOKMARK [3][-]{subsubsection.2.3.2}{\376\377\123\167\171\357\166\204\164\006\211\343}{subsection.2.3}% 11
\BOOKMARK [2][-]{subsection.2.4}{\376\377\142\311\146\156\142\311\145\257\123\330\143\142}{section.2}% 12
\BOOKMARK [3][-]{subsubsection.2.4.1}{\376\377\230\221\127\337\124\214\120\205\221\314\123\366\123\330\143\142}{subsection.2.4}% 13
\BOOKMARK [3][-]{subsubsection.2.4.2}{\376\377\142\311\146\156\142\311\145\257\123\330\143\142\133\232\116\111}{subsection.2.4}% 14
\BOOKMARK [3][-]{subsubsection.2.4.3}{\376\377\136\070\211\301\166\204\142\311\146\156\142\311\145\257\123\330\143\142\121\154\137\017}{subsection.2.4}% 15
\BOOKMARK [3][-]{subsubsection.2.4.4}{\376\377\142\311\146\156\142\311\145\257\145\066\145\133\127\337}{subsection.2.4}% 16
\BOOKMARK [3][-]{subsubsection.2.4.5}{\376\377\142\311\146\156\142\311\145\257\140\047\215\050}{subsection.2.4}% 17
\BOOKMARK [3][-]{subsubsection.2.4.6}{\376\377\142\311\146\156\142\311\145\257\220\006\123\330\143\142}{subsection.2.4}% 18
\BOOKMARK [2][-]{subsection.2.5}{\376\377\117\040\220\022\121\375\145\160\124\214\174\373\176\337\166\204\213\276\213\241}{section.2}% 19
\BOOKMARK [3][-]{subsubsection.2.5.1}{\376\377\117\040\220\022\121\375\145\160}{subsection.2.5}% 20
\BOOKMARK [3][-]{subsubsection.2.5.2}{\376\377\174\373\176\337\213\276\213\241}{subsection.2.5}% 21
\BOOKMARK [1][-]{section.3}{\376\377\133\236\215\365\167\345\213\306}{}% 22
\BOOKMARK [2][-]{subsection.3.1}{\376\377\174\373\176\337\117\040\220\022\121\375\145\160}{section.3}% 23
\BOOKMARK [3][-]{subsubsection.3.1.1}{\376\377\133\236\163\260\153\145\232\244}{subsection.3.1}% 24
\BOOKMARK [3][-]{subsubsection.3.1.2}{\376\377\167\345\213\306\210\145\121\105}{subsection.3.1}% 25
\BOOKMARK [2][-]{subsection.3.2}{\376\377\000P\000I\000D\143\247\122\066\126\150\166\204\213\276\213\241\116\016\214\003\123\302}{section.3}% 26
\BOOKMARK [3][-]{subsubsection.3.2.1}{\376\377\164\006\213\272\122\006\147\220}{subsection.3.2}% 27
\BOOKMARK [3][-]{subsubsection.3.2.2}{\376\377\116\343\170\001\133\236\163\260}{subsection.3.2}% 28
\BOOKMARK [2][-]{subsection.3.3}{\376\377\122\115\231\210\143\247\122\066\126\150}{section.3}% 29
\BOOKMARK [3][-]{subsubsection.3.3.1}{\376\377\164\006\213\272\167\345\213\306}{subsection.3.3}% 30
\BOOKMARK [3][-]{subsubsection.3.3.2}{\376\377\116\343\170\001\133\236\163\260}{subsection.3.3}% 31
\BOOKMARK [2][-]{subsection.3.4}{\376\377\226\073\122\233\142\155\167\351\210\145\120\177}{section.3}% 32
\BOOKMARK [3][-]{subsubsection.3.4.1}{\376\377\164\006\213\272\167\345\213\306}{subsection.3.4}% 33
\BOOKMARK [3][-]{subsubsection.3.4.2}{\376\377\116\343\170\001\133\236\163\260}{subsection.3.4}% 34
\BOOKMARK [2][-]{subsection.3.5}{\376\377\221\315\122\233\210\145\120\177}{section.3}% 35
\BOOKMARK [2][-]{subsection.3.6}{\376\377\117\116\220\032\156\344\154\342\126\150}{section.3}% 36
\BOOKMARK [2][-]{subsection.3.7}{\376\377\215\337\216\052\137\256\122\006\126\150}{section.3}% 37
\BOOKMARK [3][-]{subsubsection.3.7.1}{\376\377\164\006\213\272\167\345\213\306}{subsection.3.7}% 38
\BOOKMARK [3][-]{subsubsection.3.7.2}{\376\377\116\343\170\001\133\236\163\260}{subsection.3.7}% 39
